  ms4.cpp
  Product.cpp
d:\seneca\第二学期\oop244\milestone\ms4\ms4\ms4\product.cpp(47): warning C4996: 'strcpy': This function or variable may be unsafe. Consider using strcpy_s instead. To disable deprecation, use _CRT_SECURE_NO_WARNINGS. See online help for details.
  c:\program files (x86)\windows kits\10\include\10.0.17763.0\ucrt\string.h(133): note: see declaration of 'strcpy'
d:\seneca\第二学期\oop244\milestone\ms4\ms4\ms4\product.cpp(48): warning C4996: 'strncpy': This function or variable may be unsafe. Consider using strncpy_s instead. To disable deprecation, use _CRT_SECURE_NO_WARNINGS. See online help for details.
  c:\program files (x86)\windows kits\10\include\10.0.17763.0\ucrt\string.h(338): note: see declaration of 'strncpy'
d:\seneca\第二学期\oop244\milestone\ms4\ms4\ms4\product.cpp(50): warning C4996: 'strncpy': This function or variable may be unsafe. Consider using strncpy_s instead. To disable deprecation, use _CRT_SECURE_NO_WARNINGS. See online help for details.
  c:\program files (x86)\windows kits\10\include\10.0.17763.0\ucrt\string.h(338): note: see declaration of 'strncpy'
d:\seneca\第二学期\oop244\milestone\ms4\ms4\ms4\product.cpp(82): warning C4996: 'strncpy': This function or variable may be unsafe. Consider using strncpy_s instead. To disable deprecation, use _CRT_SECURE_NO_WARNINGS. See online help for details.
  c:\program files (x86)\windows kits\10\include\10.0.17763.0\ucrt\string.h(338): note: see declaration of 'strncpy'
d:\seneca\第二学期\oop244\milestone\ms4\ms4\ms4\product.cpp(84): warning C4996: 'strncpy': This function or variable may be unsafe. Consider using strncpy_s instead. To disable deprecation, use _CRT_SECURE_NO_WARNINGS. See online help for details.
  c:\program files (x86)\windows kits\10\include\10.0.17763.0\ucrt\string.h(338): note: see declaration of 'strncpy'
d:\seneca\第二学期\oop244\milestone\ms4\ms4\ms4\product.cpp(98): warning C4996: 'strcpy': This function or variable may be unsafe. Consider using strcpy_s instead. To disable deprecation, use _CRT_SECURE_NO_WARNINGS. See online help for details.
  c:\program files (x86)\windows kits\10\include\10.0.17763.0\ucrt\string.h(133): note: see declaration of 'strcpy'
d:\seneca\第二学期\oop244\milestone\ms4\ms4\ms4\product.cpp(101): warning C4996: 'strcpy': This function or variable may be unsafe. Consider using strcpy_s instead. To disable deprecation, use _CRT_SECURE_NO_WARNINGS. See online help for details.
  c:\program files (x86)\windows kits\10\include\10.0.17763.0\ucrt\string.h(133): note: see declaration of 'strcpy'
d:\seneca\第二学期\oop244\milestone\ms4\ms4\ms4\product.cpp(292): warning C4996: 'strncpy': This function or variable may be unsafe. Consider using strncpy_s instead. To disable deprecation, use _CRT_SECURE_NO_WARNINGS. See online help for details.
  c:\program files (x86)\windows kits\10\include\10.0.17763.0\ucrt\string.h(338): note: see declaration of 'strncpy'
  Utilities.cpp
  Generating Code...
  ms4.vcxproj -> D:\seneca\第二学期\OOP244\milestone\ms4\ms4\Debug\ms4.exe
